2018-10-30 18:48:50 [main ] [INFO ] com.thunisoft.vsjzj.SjzjApplication:50 Starting SjzjApplication on wangmaoy with PID 17056 (started by wangmaoy in F:\github\muke\AutoTest)
2018-10-30 18:48:50 [main ] [INFO ] com.thunisoft.vsjzj.SjzjApplication:684 The following profiles are active: dev
2018-10-30 18:48:54 [main ] [INFO ] com.thunisoft.artery.spring.property.encrypt.processor.ArteryEncryptPropertiesPostProcessor:51 开始处理PropertySource
2018-10-30 18:48:58 [localhost-startStop-1] [WARN ] com.thunisoft.artery.websecurity.filter.ArteryCsrfFilter:107 没有配置referer，请通过artery.webSecurity.csrfFilter.init.referer配置，多个referer以逗号分隔
2018-10-30 18:48:58 [localhost-startStop-1] [WARN ] com.thunisoft.artery.websecurity.filter.ArteryCsrfFilter:107 没有配置referer，请通过artery.webSecurity.csrfFilter.init.referer配置，多个referer以逗号分隔
2018-10-30 18:48:58 [main ] [INFO ] com.thunisoft.artery.datadict.cache.impl.DictCache:63 【开始加载数据字典缓存...】
2018-10-30 18:48:59 [main ] [INFO ] com.thunisoft.artery.datadict.cache.impl.DictCache:127 24
2018-10-30 18:48:59 [main ] [INFO ] com.thunisoft.artery.datadict.cache.impl.DictCache:128 〖加载数据字典缓存结束〗
2018-10-30 18:49:04 [Thread-36] [INFO ] com.thunisoft.aap.uim.client.organ.ehcache.UimCacheInitializer:184 [UIM SDK] ---> 获取到loading锁.
2018-10-30 18:49:04 [Thread-36] [INFO ] com.thunisoft.aap.uim.client.organ.ehcache.UimCacheInitializer:192 [UIM SDK] ---> UIM 缓存加载开始
2018-10-30 18:49:05 [main ] [INFO ] com.thunisoft.vsjzj.SjzjApplication:59 Started SjzjApplication in 16.01 seconds (JVM running for 21.277)
2018-10-30 18:49:05 [Thread-36] [INFO ] com.thunisoft.aap.uim.client.organ.ehcache.UimCacheInitializer:137 [UIM SDK] ---> Corp 缓存加载耗时: 1029
2018-10-30 18:49:06 [Thread-36] [INFO ] com.thunisoft.aap.uim.client.organ.ehcache.UimCacheInitializer:137 [UIM SDK] ---> Dept 缓存加载耗时: 874
2018-10-30 18:49:11 [Timer-0] [INFO ] com.thunisoft.sqlfx.client.ClientMain:279 request task:<?xml version="1.0" encoding="UTF-8"?>
<groups><projectGroup id="11111111_sjzj_dev" mc="数据质检V版本_sjzj_V1.0.0(开发环境)" environmentType="开发环境" projectManager="\u9A6C\u4FDD\u5168" architect="\u9A6C\u4FDD\u5168" dbType="" dbVersion="" taskid="11111111_sjzj_dev_172.16.192.106_68-F7-28-FD-C7-92"><mailTo addr="mabq@thunisoft.com"/><mailTo addr="changleying@thunisoft.com"/><server ip="172.16.192.106"><opt action="collectLogOpt" logDir="logs" modifyDay="+1" fileNamePattern="sjzj_jdbc_.*" flag="sjzj" mac="68-F7-28-FD-C7-92"/></server></projectGroup></groups>
2018-10-30 18:49:11 [Timer-0] [INFO ] com.thunisoft.sqlfx.client.ClientMain:291 SQLFX-CLIENT 没有要执行的任务
2018-10-30 18:49:14 [Thread-36] [INFO ] com.thunisoft.aap.uim.client.organ.ehcache.UimCacheInitializer:137 [UIM SDK] ---> User 缓存加载耗时: 7983
2018-10-30 18:49:14 [Thread-36] [INFO ] com.thunisoft.aap.uim.client.organ.ehcache.UimCacheInitializer:137 [UIM SDK] ---> Corp Sub 缓存加载耗时: 14
2018-10-30 18:49:14 [Thread-36] [INFO ] com.thunisoft.aap.uim.client.organ.ehcache.UimCacheInitializer:137 [UIM SDK] ---> Dept Sub 缓存加载耗时: 4
2018-10-30 18:49:16 [Thread-36] [INFO ] com.thunisoft.aap.uim.client.organ.ehcache.UimCacheInitializer:137 [UIM SDK] ---> Key2Key 缓存加载耗时: 1856
2018-10-30 18:49:16 [Thread-36] [INFO ] com.thunisoft.aap.uim.client.organ.ehcache.UimCacheInitializer:137 [UIM SDK] ---> rytd 缓存加载耗时: 21
2018-10-30 18:49:16 [Thread-36] [INFO ] com.thunisoft.aap.uim.client.organ.ehcache.UimCacheInitializer:137 [UIM SDK] ---> rygz 缓存加载耗时: 13
2018-10-30 18:49:16 [Thread-36] [INFO ] com.thunisoft.aap.uim.client.organ.ehcache.UimCacheInitializer:196 [UIM SDK] ---> UIM 缓存加载结束
2018-10-30 18:49:16 [Thread-36] [INFO ] com.thunisoft.aap.uim.client.organ.ehcache.UimCacheInitializer:198 [UIM SDK] ---> UIM 开启缓存数据同步
2018-10-30 18:49:16 [Thread-36] [INFO ] com.thunisoft.aap.uim.client.event.UimClientSyncModeFactory:63 [UIM SDK] ---> UIM SDK 缓存使用 HTTP 长轮询进行同步
2018-10-30 18:49:16 [Thread-36] [INFO ] com.thunisoft.aap.uim.client.organ.ehcache.UimCacheInitializer:201 [UIM SDK] ---> UIM 缓存正常加载，且开启数据同步
2018-10-30 18:49:16 [Thread-36] [INFO ] com.thunisoft.aap.uim.client.organ.ehcache.UimCacheInitializer:220 [UIM SDK] ---> 释放loading锁.
2018-10-30 18:49:22 [uim-RemoteOrganLongPollingService-1] [INFO ] com.thunisoft.aap.uim.client.event.hlp.RemoteOrganLongPollingService:128 Client cache version 2018-10-30 13:54:55.793 
2018-10-30 18:49:53 [uim-RemoteOrganLongPollingService-1] [INFO ] com.thunisoft.aap.uim.client.event.hlp.RemoteOrganLongPollingService:128 Client cache version 2018-10-30 13:54:55.793 
2018-10-30 18:50:23 [uim-RemoteOrganLongPollingService-1] [INFO ] com.thunisoft.aap.uim.client.event.hlp.RemoteOrganLongPollingService:128 Client cache version 2018-10-30 13:54:55.793 
2018-10-30 18:50:54 [uim-RemoteOrganLongPollingService-1] [INFO ] com.thunisoft.aap.uim.client.event.hlp.RemoteOrganLongPollingService:128 Client cache version 2018-10-30 13:54:55.793 
2018-10-30 18:51:24 [uim-RemoteOrganLongPollingService-1] [INFO ] com.thunisoft.aap.uim.client.event.hlp.RemoteOrganLongPollingService:128 Client cache version 2018-10-30 13:54:55.793 
2018-10-30 18:51:55 [uim-RemoteOrganLongPollingService-1] [INFO ] com.thunisoft.aap.uim.client.event.hlp.RemoteOrganLongPollingService:128 Client cache version 2018-10-30 13:54:55.793 
2018-10-30 18:52:02 [http-nio-19999-exec-1] [INFO ] com.alibaba.druid.pool.DruidDataSource:930 {dataSource-1} inited
2018-10-30 18:52:02 [http-nio-19999-exec-1] [INFO ] com.thunisoft.vsjzj.service.impl.TjfxRuleServerImpl:89 近30天的告警趋势处理前：0 条--[]
2018-10-30 18:52:02 [http-nio-19999-exec-1] [INFO ] com.thunisoft.vsjzj.service.impl.TjfxRuleServerImpl:108 近30天的告警趋势处理后：30 条--[WarnTrendVo [dateStr=2018-09-30, zjs=0, gjs=0, rate=0.0, rateStr=0.00%], WarnTrendVo [dateStr=2018-10-01, zjs=0, gjs=0, rate=0.0, rateStr=0.00%], WarnTrendVo [dateStr=2018-10-02, zjs=0, gjs=0, rate=0.0, rateStr=0.00%], WarnTrendVo [dateStr=2018-10-03, zjs=0, gjs=0, rate=0.0, rateStr=0.00%], WarnTrendVo [dateStr=2018-10-04, zjs=0, gjs=0, rate=0.0, rateStr=0.00%], WarnTrendVo [dateStr=2018-10-05, zjs=0, gjs=0, rate=0.0, rateStr=0.00%], WarnTrendVo [dateStr=2018-10-06, zjs=0, gjs=0, rate=0.0, rateStr=0.00%], WarnTrendVo [dateStr=2018-10-07, zjs=0, gjs=0, rate=0.0, rateStr=0.00%], WarnTrendVo [dateStr=2018-10-08, zjs=0, gjs=0, rate=0.0, rateStr=0.00%], WarnTrendVo [dateStr=2018-10-09, zjs=0, gjs=0, rate=0.0, rateStr=0.00%], WarnTrendVo [dateStr=2018-10-10, zjs=0, gjs=0, rate=0.0, rateStr=0.00%], WarnTrendVo [dateStr=2018-10-11, zjs=0, gjs=0, rate=0.0, rateStr=0.00%], WarnTrendVo [dateStr=2018-10-12, zjs=0, gjs=0, rate=0.0, rateStr=0.00%], WarnTrendVo [dateStr=2018-10-13, zjs=0, gjs=0, rate=0.0, rateStr=0.00%], WarnTrendVo [dateStr=2018-10-14, zjs=0, gjs=0, rate=0.0, rateStr=0.00%], WarnTrendVo [dateStr=2018-10-15, zjs=0, gjs=0, rate=0.0, rateStr=0.00%], WarnTrendVo [dateStr=2018-10-16, zjs=0, gjs=0, rate=0.0, rateStr=0.00%], WarnTrendVo [dateStr=2018-10-17, zjs=0, gjs=0, rate=0.0, rateStr=0.00%], WarnTrendVo [dateStr=2018-10-18, zjs=0, gjs=0, rate=0.0, rateStr=0.00%], WarnTrendVo [dateStr=2018-10-19, zjs=0, gjs=0, rate=0.0, rateStr=0.00%], WarnTrendVo [dateStr=2018-10-20, zjs=0, gjs=0, rate=0.0, rateStr=0.00%], WarnTrendVo [dateStr=2018-10-21, zjs=0, gjs=0, rate=0.0, rateStr=0.00%], WarnTrendVo [dateStr=2018-10-22, zjs=0, gjs=0, rate=0.0, rateStr=0.00%], WarnTrendVo [dateStr=2018-10-23, zjs=0, gjs=0, rate=0.0, rateStr=0.00%], WarnTrendVo [dateStr=2018-10-24, zjs=0, gjs=0, rate=0.0, rateStr=0.00%], WarnTrendVo [dateStr=2018-10-25, zjs=0, gjs=0, rate=0.0, rateStr=0.00%], WarnTrendVo [dateStr=2018-10-26, zjs=0, gjs=0, rate=0.0, rateStr=0.00%], WarnTrendVo [dateStr=2018-10-27, zjs=0, gjs=0, rate=0.0, rateStr=0.00%], WarnTrendVo [dateStr=2018-10-28, zjs=0, gjs=0, rate=0.0, rateStr=0.00%], WarnTrendVo [dateStr=2018-10-29, zjs=0, gjs=0, rate=0.0, rateStr=0.00%]]
2018-10-30 18:52:02 [http-nio-19999-exec-1] [INFO ] com.thunisoft.vsjzj.service.impl.TjfxRuleServerImpl:203 请求时长接口参数：{"systemid":"zhijian","start":"20181029","end":"20181029"}
2018-10-30 18:52:03 [http-nio-19999-exec-1] [INFO ] com.thunisoft.vsjzj.service.impl.TjfxRuleServerImpl:205 时长接口返回结果：{"code":400,"data":null,"message":"调用参数不合法","success":false}
2018-10-30 18:52:11 [Timer-0] [INFO ] com.thunisoft.sqlfx.client.ClientMain:279 request task:<?xml version="1.0" encoding="UTF-8"?>
<groups><projectGroup id="11111111_sjzj_dev" mc="数据质检V版本_sjzj_V1.0.0(开发环境)" environmentType="开发环境" projectManager="\u9A6C\u4FDD\u5168" architect="\u9A6C\u4FDD\u5168" dbType="" dbVersion="" taskid="11111111_sjzj_dev_172.16.192.106_68-F7-28-FD-C7-92"><mailTo addr="mabq@thunisoft.com"/><mailTo addr="changleying@thunisoft.com"/><server ip="172.16.192.106"><opt action="collectLogOpt" logDir="logs" modifyDay="+1" fileNamePattern="sjzj_jdbc_.*" flag="sjzj" mac="68-F7-28-FD-C7-92"/></server></projectGroup></groups>
2018-10-30 18:52:11 [Timer-0] [INFO ] com.thunisoft.sqlfx.client.ClientMain:291 SQLFX-CLIENT 没有要执行的任务
2018-10-30 18:52:14 [http-nio-19999-exec-2] [INFO ] com.thunisoft.vsjzj.service.impl.TjfxRuleServerImpl:89 近30天的告警趋势处理前：0 条--[]
2018-10-30 18:52:14 [http-nio-19999-exec-2] [INFO ] com.thunisoft.vsjzj.service.impl.TjfxRuleServerImpl:108 近30天的告警趋势处理后：30 条--[WarnTrendVo [dateStr=2018-09-30, zjs=0, gjs=0, rate=0.0, rateStr=0.00%], WarnTrendVo [dateStr=2018-10-01, zjs=0, gjs=0, rate=0.0, rateStr=0.00%], WarnTrendVo [dateStr=2018-10-02, zjs=0, gjs=0, rate=0.0, rateStr=0.00%], WarnTrendVo [dateStr=2018-10-03, zjs=0, gjs=0, rate=0.0, rateStr=0.00%], WarnTrendVo [dateStr=2018-10-04, zjs=0, gjs=0, rate=0.0, rateStr=0.00%], WarnTrendVo [dateStr=2018-10-05, zjs=0, gjs=0, rate=0.0, rateStr=0.00%], WarnTrendVo [dateStr=2018-10-06, zjs=0, gjs=0, rate=0.0, rateStr=0.00%], WarnTrendVo [dateStr=2018-10-07, zjs=0, gjs=0, rate=0.0, rateStr=0.00%], WarnTrendVo [dateStr=2018-10-08, zjs=0, gjs=0, rate=0.0, rateStr=0.00%], WarnTrendVo [dateStr=2018-10-09, zjs=0, gjs=0, rate=0.0, rateStr=0.00%], WarnTrendVo [dateStr=2018-10-10, zjs=0, gjs=0, rate=0.0, rateStr=0.00%], WarnTrendVo [dateStr=2018-10-11, zjs=0, gjs=0, rate=0.0, rateStr=0.00%], WarnTrendVo [dateStr=2018-10-12, zjs=0, gjs=0, rate=0.0, rateStr=0.00%], WarnTrendVo [dateStr=2018-10-13, zjs=0, gjs=0, rate=0.0, rateStr=0.00%], WarnTrendVo [dateStr=2018-10-14, zjs=0, gjs=0, rate=0.0, rateStr=0.00%], WarnTrendVo [dateStr=2018-10-15, zjs=0, gjs=0, rate=0.0, rateStr=0.00%], WarnTrendVo [dateStr=2018-10-16, zjs=0, gjs=0, rate=0.0, rateStr=0.00%], WarnTrendVo [dateStr=2018-10-17, zjs=0, gjs=0, rate=0.0, rateStr=0.00%], WarnTrendVo [dateStr=2018-10-18, zjs=0, gjs=0, rate=0.0, rateStr=0.00%], WarnTrendVo [dateStr=2018-10-19, zjs=0, gjs=0, rate=0.0, rateStr=0.00%], WarnTrendVo [dateStr=2018-10-20, zjs=0, gjs=0, rate=0.0, rateStr=0.00%], WarnTrendVo [dateStr=2018-10-21, zjs=0, gjs=0, rate=0.0, rateStr=0.00%], WarnTrendVo [dateStr=2018-10-22, zjs=0, gjs=0, rate=0.0, rateStr=0.00%], WarnTrendVo [dateStr=2018-10-23, zjs=0, gjs=0, rate=0.0, rateStr=0.00%], WarnTrendVo [dateStr=2018-10-24, zjs=0, gjs=0, rate=0.0, rateStr=0.00%], WarnTrendVo [dateStr=2018-10-25, zjs=0, gjs=0, rate=0.0, rateStr=0.00%], WarnTrendVo [dateStr=2018-10-26, zjs=0, gjs=0, rate=0.0, rateStr=0.00%], WarnTrendVo [dateStr=2018-10-27, zjs=0, gjs=0, rate=0.0, rateStr=0.00%], WarnTrendVo [dateStr=2018-10-28, zjs=0, gjs=0, rate=0.0, rateStr=0.00%], WarnTrendVo [dateStr=2018-10-29, zjs=0, gjs=0, rate=0.0, rateStr=0.00%]]
2018-10-30 18:52:14 [http-nio-19999-exec-2] [INFO ] com.thunisoft.vsjzj.service.impl.TjfxRuleServerImpl:203 请求时长接口参数：{"systemid":"zhijian","start":"20181029","end":"20181029"}
2018-10-30 18:52:14 [http-nio-19999-exec-2] [INFO ] com.thunisoft.vsjzj.service.impl.TjfxRuleServerImpl:205 时长接口返回结果：{"code":400,"data":null,"message":"调用参数不合法","success":false}
2018-10-30 18:52:25 [uim-RemoteOrganLongPollingService-1] [INFO ] com.thunisoft.aap.uim.client.event.hlp.RemoteOrganLongPollingService:128 Client cache version 2018-10-30 13:54:55.793 
2018-10-30 18:52:56 [uim-RemoteOrganLongPollingService-1] [INFO ] com.thunisoft.aap.uim.client.event.hlp.RemoteOrganLongPollingService:128 Client cache version 2018-10-30 13:54:55.793 
2018-10-30 18:53:27 [uim-RemoteOrganLongPollingService-1] [INFO ] com.thunisoft.aap.uim.client.event.hlp.RemoteOrganLongPollingService:128 Client cache version 2018-10-30 13:54:55.793 
2018-10-30 18:53:57 [uim-RemoteOrganLongPollingService-1] [INFO ] com.thunisoft.aap.uim.client.event.hlp.RemoteOrganLongPollingService:128 Client cache version 2018-10-30 13:54:55.793 
2018-10-30 18:54:28 [uim-RemoteOrganLongPollingService-1] [INFO ] com.thunisoft.aap.uim.client.event.hlp.RemoteOrganLongPollingService:128 Client cache version 2018-10-30 13:54:55.793 
2018-10-30 18:54:58 [uim-RemoteOrganLongPollingService-1] [INFO ] com.thunisoft.aap.uim.client.event.hlp.RemoteOrganLongPollingService:128 Client cache version 2018-10-30 13:54:55.793 
2018-10-30 18:55:11 [Timer-0] [INFO ] com.thunisoft.sqlfx.client.ClientMain:279 request task:<?xml version="1.0" encoding="UTF-8"?>
<groups><projectGroup id="11111111_sjzj_dev" mc="数据质检V版本_sjzj_V1.0.0(开发环境)" environmentType="开发环境" projectManager="\u9A6C\u4FDD\u5168" architect="\u9A6C\u4FDD\u5168" dbType="" dbVersion="" taskid="11111111_sjzj_dev_172.16.192.106_68-F7-28-FD-C7-92"><mailTo addr="mabq@thunisoft.com"/><mailTo addr="changleying@thunisoft.com"/><server ip="172.16.192.106"><opt action="collectLogOpt" logDir="logs" modifyDay="+1" fileNamePattern="sjzj_jdbc_.*" flag="sjzj" mac="68-F7-28-FD-C7-92"/></server></projectGroup></groups>
2018-10-30 18:55:11 [Timer-0] [INFO ] com.thunisoft.sqlfx.client.ClientMain:291 SQLFX-CLIENT 没有要执行的任务
2018-10-30 18:55:29 [uim-RemoteOrganLongPollingService-1] [INFO ] com.thunisoft.aap.uim.client.event.hlp.RemoteOrganLongPollingService:128 Client cache version 2018-10-30 13:54:55.793 
2018-10-30 18:55:59 [uim-RemoteOrganLongPollingService-1] [INFO ] com.thunisoft.aap.uim.client.event.hlp.RemoteOrganLongPollingService:128 Client cache version 2018-10-30 13:54:55.793 
2018-10-30 18:56:30 [uim-RemoteOrganLongPollingService-1] [INFO ] com.thunisoft.aap.uim.client.event.hlp.RemoteOrganLongPollingService:128 Client cache version 2018-10-30 13:54:55.793 
2018-10-30 18:57:00 [uim-RemoteOrganLongPollingService-1] [INFO ] com.thunisoft.aap.uim.client.event.hlp.RemoteOrganLongPollingService:128 Client cache version 2018-10-30 13:54:55.793 
2018-10-30 18:57:31 [uim-RemoteOrganLongPollingService-1] [INFO ] com.thunisoft.aap.uim.client.event.hlp.RemoteOrganLongPollingService:128 Client cache version 2018-10-30 13:54:55.793 
2018-10-30 18:58:01 [uim-RemoteOrganLongPollingService-1] [INFO ] com.thunisoft.aap.uim.client.event.hlp.RemoteOrganLongPollingService:128 Client cache version 2018-10-30 13:54:55.793 
2018-10-30 18:58:11 [Timer-0] [INFO ] com.thunisoft.sqlfx.client.ClientMain:279 request task:<?xml version="1.0" encoding="UTF-8"?>
<groups><projectGroup id="11111111_sjzj_dev" mc="数据质检V版本_sjzj_V1.0.0(开发环境)" environmentType="开发环境" projectManager="\u9A6C\u4FDD\u5168" architect="\u9A6C\u4FDD\u5168" dbType="" dbVersion="" taskid="11111111_sjzj_dev_172.16.192.106_68-F7-28-FD-C7-92"><mailTo addr="mabq@thunisoft.com"/><mailTo addr="changleying@thunisoft.com"/><server ip="172.16.192.106"><opt action="collectLogOpt" logDir="logs" modifyDay="+1" fileNamePattern="sjzj_jdbc_.*" flag="sjzj" mac="68-F7-28-FD-C7-92"/></server></projectGroup></groups>
2018-10-30 18:58:11 [Timer-0] [INFO ] com.thunisoft.sqlfx.client.ClientMain:291 SQLFX-CLIENT 没有要执行的任务
2018-10-30 18:58:32 [uim-RemoteOrganLongPollingService-1] [INFO ] com.thunisoft.aap.uim.client.event.hlp.RemoteOrganLongPollingService:128 Client cache version 2018-10-30 13:54:55.793 
2018-10-30 18:59:02 [uim-RemoteOrganLongPollingService-1] [INFO ] com.thunisoft.aap.uim.client.event.hlp.RemoteOrganLongPollingService:128 Client cache version 2018-10-30 13:54:55.793 
2018-10-30 18:59:34 [uim-RemoteOrganLongPollingService-1] [INFO ] com.thunisoft.aap.uim.client.event.hlp.RemoteOrganLongPollingService:128 Client cache version 2018-10-30 13:54:55.793 
2018-10-30 19:00:04 [uim-RemoteOrganLongPollingService-1] [INFO ] com.thunisoft.aap.uim.client.event.hlp.RemoteOrganLongPollingService:128 Client cache version 2018-10-30 13:54:55.793 
2018-10-30 19:00:35 [uim-RemoteOrganLongPollingService-1] [INFO ] com.thunisoft.aap.uim.client.event.hlp.RemoteOrganLongPollingService:128 Client cache version 2018-10-30 13:54:55.793 
2018-10-30 19:01:05 [uim-RemoteOrganLongPollingService-1] [INFO ] com.thunisoft.aap.uim.client.event.hlp.RemoteOrganLongPollingService:128 Client cache version 2018-10-30 13:54:55.793 
2018-10-30 19:01:11 [Timer-0] [INFO ] com.thunisoft.sqlfx.client.ClientMain:279 request task:<?xml version="1.0" encoding="UTF-8"?>
<groups><projectGroup id="11111111_sjzj_dev" mc="数据质检V版本_sjzj_V1.0.0(开发环境)" environmentType="开发环境" projectManager="\u9A6C\u4FDD\u5168" architect="\u9A6C\u4FDD\u5168" dbType="" dbVersion="" taskid="11111111_sjzj_dev_172.16.192.106_68-F7-28-FD-C7-92"><mailTo addr="mabq@thunisoft.com"/><mailTo addr="changleying@thunisoft.com"/><server ip="172.16.192.106"><opt action="collectLogOpt" logDir="logs" modifyDay="+1" fileNamePattern="sjzj_jdbc_.*" flag="sjzj" mac="68-F7-28-FD-C7-92"/></server></projectGroup></groups>
2018-10-30 19:01:11 [Timer-0] [INFO ] com.thunisoft.sqlfx.client.ClientMain:291 SQLFX-CLIENT 没有要执行的任务
2018-10-30 19:01:36 [uim-RemoteOrganLongPollingService-1] [INFO ] com.thunisoft.aap.uim.client.event.hlp.RemoteOrganLongPollingService:128 Client cache version 2018-10-30 13:54:55.793 
2018-10-30 19:02:06 [uim-RemoteOrganLongPollingService-1] [INFO ] com.thunisoft.aap.uim.client.event.hlp.RemoteOrganLongPollingService:128 Client cache version 2018-10-30 13:54:55.793 
2018-10-30 19:02:37 [uim-RemoteOrganLongPollingService-1] [INFO ] com.thunisoft.aap.uim.client.event.hlp.RemoteOrganLongPollingService:128 Client cache version 2018-10-30 13:54:55.793 
2018-10-30 19:03:07 [uim-RemoteOrganLongPollingService-1] [INFO ] com.thunisoft.aap.uim.client.event.hlp.RemoteOrganLongPollingService:128 Client cache version 2018-10-30 13:54:55.793 
2018-10-30 19:03:38 [uim-RemoteOrganLongPollingService-1] [INFO ] com.thunisoft.aap.uim.client.event.hlp.RemoteOrganLongPollingService:128 Client cache version 2018-10-30 13:54:55.793 
2018-10-30 19:04:08 [uim-RemoteOrganLongPollingService-1] [INFO ] com.thunisoft.aap.uim.client.event.hlp.RemoteOrganLongPollingService:128 Client cache version 2018-10-30 13:54:55.793 
2018-10-30 19:04:11 [Timer-0] [INFO ] com.thunisoft.sqlfx.client.ClientMain:279 request task:<?xml version="1.0" encoding="UTF-8"?>
<groups><projectGroup id="11111111_sjzj_dev" mc="数据质检V版本_sjzj_V1.0.0(开发环境)" environmentType="开发环境" projectManager="\u9A6C\u4FDD\u5168" architect="\u9A6C\u4FDD\u5168" dbType="" dbVersion="" taskid="11111111_sjzj_dev_172.16.192.106_68-F7-28-FD-C7-92"><mailTo addr="mabq@thunisoft.com"/><mailTo addr="changleying@thunisoft.com"/><server ip="172.16.192.106"><opt action="collectLogOpt" logDir="logs" modifyDay="+1" fileNamePattern="sjzj_jdbc_.*" flag="sjzj" mac="68-F7-28-FD-C7-92"/></server></projectGroup></groups>
2018-10-30 19:04:11 [Timer-0] [INFO ] com.thunisoft.sqlfx.client.ClientMain:291 SQLFX-CLIENT 没有要执行的任务
2018-10-30 19:04:39 [uim-RemoteOrganLongPollingService-1] [INFO ] com.thunisoft.aap.uim.client.event.hlp.RemoteOrganLongPollingService:128 Client cache version 2018-10-30 13:54:55.793 
2018-10-30 19:05:09 [uim-RemoteOrganLongPollingService-1] [INFO ] com.thunisoft.aap.uim.client.event.hlp.RemoteOrganLongPollingService:128 Client cache version 2018-10-30 13:54:55.793 
2018-10-30 19:05:40 [uim-RemoteOrganLongPollingService-1] [INFO ] com.thunisoft.aap.uim.client.event.hlp.RemoteOrganLongPollingService:128 Client cache version 2018-10-30 13:54:55.793 
2018-10-30 19:06:10 [uim-RemoteOrganLongPollingService-1] [INFO ] com.thunisoft.aap.uim.client.event.hlp.RemoteOrganLongPollingService:128 Client cache version 2018-10-30 13:54:55.793 
2018-10-30 19:06:41 [uim-RemoteOrganLongPollingService-1] [INFO ] com.thunisoft.aap.uim.client.event.hlp.RemoteOrganLongPollingService:128 Client cache version 2018-10-30 13:54:55.793 
2018-10-30 19:07:11 [Timer-0] [INFO ] com.thunisoft.sqlfx.client.ClientMain:279 request task:<?xml version="1.0" encoding="UTF-8"?>
<groups><projectGroup id="11111111_sjzj_dev" mc="数据质检V版本_sjzj_V1.0.0(开发环境)" environmentType="开发环境" projectManager="\u9A6C\u4FDD\u5168" architect="\u9A6C\u4FDD\u5168" dbType="" dbVersion="" taskid="11111111_sjzj_dev_172.16.192.106_68-F7-28-FD-C7-92"><mailTo addr="mabq@thunisoft.com"/><mailTo addr="changleying@thunisoft.com"/><server ip="172.16.192.106"><opt action="collectLogOpt" logDir="logs" modifyDay="+1" fileNamePattern="sjzj_jdbc_.*" flag="sjzj" mac="68-F7-28-FD-C7-92"/></server></projectGroup></groups>
2018-10-30 19:07:11 [Timer-0] [INFO ] com.thunisoft.sqlfx.client.ClientMain:291 SQLFX-CLIENT 没有要执行的任务
2018-10-30 19:07:11 [uim-RemoteOrganLongPollingService-1] [INFO ] com.thunisoft.aap.uim.client.event.hlp.RemoteOrganLongPollingService:128 Client cache version 2018-10-30 13:54:55.793 
2018-10-30 19:07:42 [uim-RemoteOrganLongPollingService-1] [INFO ] com.thunisoft.aap.uim.client.event.hlp.RemoteOrganLongPollingService:128 Client cache version 2018-10-30 13:54:55.793 
2018-10-30 19:08:12 [uim-RemoteOrganLongPollingService-1] [INFO ] com.thunisoft.aap.uim.client.event.hlp.RemoteOrganLongPollingService:128 Client cache version 2018-10-30 13:54:55.793 
2018-10-30 19:08:43 [uim-RemoteOrganLongPollingService-1] [INFO ] com.thunisoft.aap.uim.client.event.hlp.RemoteOrganLongPollingService:128 Client cache version 2018-10-30 13:54:55.793 
2018-10-30 19:09:13 [uim-RemoteOrganLongPollingService-1] [INFO ] com.thunisoft.aap.uim.client.event.hlp.RemoteOrganLongPollingService:128 Client cache version 2018-10-30 13:54:55.793 
2018-10-30 19:09:44 [uim-RemoteOrganLongPollingService-1] [INFO ] com.thunisoft.aap.uim.client.event.hlp.RemoteOrganLongPollingService:128 Client cache version 2018-10-30 13:54:55.793 
2018-10-30 19:10:11 [Timer-0] [INFO ] com.thunisoft.sqlfx.client.ClientMain:279 request task:<?xml version="1.0" encoding="UTF-8"?>
<groups><projectGroup id="11111111_sjzj_dev" mc="数据质检V版本_sjzj_V1.0.0(开发环境)" environmentType="开发环境" projectManager="\u9A6C\u4FDD\u5168" architect="\u9A6C\u4FDD\u5168" dbType="" dbVersion="" taskid="11111111_sjzj_dev_172.16.192.106_68-F7-28-FD-C7-92"><mailTo addr="mabq@thunisoft.com"/><mailTo addr="changleying@thunisoft.com"/><server ip="172.16.192.106"><opt action="collectLogOpt" logDir="logs" modifyDay="+1" fileNamePattern="sjzj_jdbc_.*" flag="sjzj" mac="68-F7-28-FD-C7-92"/></server></projectGroup></groups>
2018-10-30 19:10:11 [Timer-0] [INFO ] com.thunisoft.sqlfx.client.ClientMain:291 SQLFX-CLIENT 没有要执行的任务
2018-10-30 19:10:14 [uim-RemoteOrganLongPollingService-1] [INFO ] com.thunisoft.aap.uim.client.event.hlp.RemoteOrganLongPollingService:128 Client cache version 2018-10-30 13:54:55.793 
2018-10-30 19:10:45 [uim-RemoteOrganLongPollingService-1] [INFO ] com.thunisoft.aap.uim.client.event.hlp.RemoteOrganLongPollingService:128 Client cache version 2018-10-30 13:54:55.793 
2018-10-30 19:11:15 [uim-RemoteOrganLongPollingService-1] [INFO ] com.thunisoft.aap.uim.client.event.hlp.RemoteOrganLongPollingService:128 Client cache version 2018-10-30 13:54:55.793 
2018-10-30 19:11:46 [uim-RemoteOrganLongPollingService-1] [INFO ] com.thunisoft.aap.uim.client.event.hlp.RemoteOrganLongPollingService:128 Client cache version 2018-10-30 13:54:55.793 
2018-10-30 19:12:16 [uim-RemoteOrganLongPollingService-1] [INFO ] com.thunisoft.aap.uim.client.event.hlp.RemoteOrganLongPollingService:128 Client cache version 2018-10-30 13:54:55.793 
2018-10-30 19:12:47 [uim-RemoteOrganLongPollingService-1] [INFO ] com.thunisoft.aap.uim.client.event.hlp.RemoteOrganLongPollingService:128 Client cache version 2018-10-30 13:54:55.793 
2018-10-30 19:13:11 [Timer-0] [INFO ] com.thunisoft.sqlfx.client.ClientMain:279 request task:<?xml version="1.0" encoding="UTF-8"?>
<groups><projectGroup id="11111111_sjzj_dev" mc="数据质检V版本_sjzj_V1.0.0(开发环境)" environmentType="开发环境" projectManager="\u9A6C\u4FDD\u5168" architect="\u9A6C\u4FDD\u5168" dbType="" dbVersion="" taskid="11111111_sjzj_dev_172.16.192.106_68-F7-28-FD-C7-92"><mailTo addr="mabq@thunisoft.com"/><mailTo addr="changleying@thunisoft.com"/><server ip="172.16.192.106"><opt action="collectLogOpt" logDir="logs" modifyDay="+1" fileNamePattern="sjzj_jdbc_.*" flag="sjzj" mac="68-F7-28-FD-C7-92"/></server></projectGroup></groups>
2018-10-30 19:13:11 [Timer-0] [INFO ] com.thunisoft.sqlfx.client.ClientMain:291 SQLFX-CLIENT 没有要执行的任务
2018-10-30 19:13:17 [uim-RemoteOrganLongPollingService-1] [INFO ] com.thunisoft.aap.uim.client.event.hlp.RemoteOrganLongPollingService:128 Client cache version 2018-10-30 13:54:55.793 
2018-10-30 19:13:48 [uim-RemoteOrganLongPollingService-1] [INFO ] com.thunisoft.aap.uim.client.event.hlp.RemoteOrganLongPollingService:128 Client cache version 2018-10-30 13:54:55.793 
2018-10-30 19:14:18 [uim-RemoteOrganLongPollingService-1] [INFO ] com.thunisoft.aap.uim.client.event.hlp.RemoteOrganLongPollingService:128 Client cache version 2018-10-30 13:54:55.793 
2018-10-30 19:14:49 [uim-RemoteOrganLongPollingService-1] [INFO ] com.thunisoft.aap.uim.client.event.hlp.RemoteOrganLongPollingService:128 Client cache version 2018-10-30 13:54:55.793 
2018-10-30 19:15:20 [uim-RemoteOrganLongPollingService-1] [INFO ] com.thunisoft.aap.uim.client.event.hlp.RemoteOrganLongPollingService:128 Client cache version 2018-10-30 13:54:55.793 
2018-10-30 19:15:50 [uim-RemoteOrganLongPollingService-1] [INFO ] com.thunisoft.aap.uim.client.event.hlp.RemoteOrganLongPollingService:128 Client cache version 2018-10-30 13:54:55.793 
2018-10-30 19:16:11 [Timer-0] [INFO ] com.thunisoft.sqlfx.client.ClientMain:279 request task:<?xml version="1.0" encoding="UTF-8"?>
<groups><projectGroup id="11111111_sjzj_dev" mc="数据质检V版本_sjzj_V1.0.0(开发环境)" environmentType="开发环境" projectManager="\u9A6C\u4FDD\u5168" architect="\u9A6C\u4FDD\u5168" dbType="" dbVersion="" taskid="11111111_sjzj_dev_172.16.192.106_68-F7-28-FD-C7-92"><mailTo addr="mabq@thunisoft.com"/><mailTo addr="changleying@thunisoft.com"/><server ip="172.16.192.106"><opt action="collectLogOpt" logDir="logs" modifyDay="+1" fileNamePattern="sjzj_jdbc_.*" flag="sjzj" mac="68-F7-28-FD-C7-92"/></server></projectGroup></groups>
2018-10-30 19:16:11 [Timer-0] [INFO ] com.thunisoft.sqlfx.client.ClientMain:291 SQLFX-CLIENT 没有要执行的任务
2018-10-30 19:16:21 [uim-RemoteOrganLongPollingService-1] [INFO ] com.thunisoft.aap.uim.client.event.hlp.RemoteOrganLongPollingService:128 Client cache version 2018-10-30 13:54:55.793 
2018-10-30 19:16:51 [uim-RemoteOrganLongPollingService-1] [INFO ] com.thunisoft.aap.uim.client.event.hlp.RemoteOrganLongPollingService:128 Client cache version 2018-10-30 13:54:55.793 
2018-10-30 19:17:22 [uim-RemoteOrganLongPollingService-1] [INFO ] com.thunisoft.aap.uim.client.event.hlp.RemoteOrganLongPollingService:128 Client cache version 2018-10-30 13:54:55.793 
2018-10-30 19:17:52 [uim-RemoteOrganLongPollingService-1] [INFO ] com.thunisoft.aap.uim.client.event.hlp.RemoteOrganLongPollingService:128 Client cache version 2018-10-30 13:54:55.793 
2018-10-30 19:18:23 [uim-RemoteOrganLongPollingService-1] [INFO ] com.thunisoft.aap.uim.client.event.hlp.RemoteOrganLongPollingService:128 Client cache version 2018-10-30 13:54:55.793 
2018-10-30 19:18:53 [uim-RemoteOrganLongPollingService-1] [INFO ] com.thunisoft.aap.uim.client.event.hlp.RemoteOrganLongPollingService:128 Client cache version 2018-10-30 13:54:55.793 
2018-10-30 19:19:11 [Timer-0] [INFO ] com.thunisoft.sqlfx.client.ClientMain:279 request task:<?xml version="1.0" encoding="UTF-8"?>
<groups><projectGroup id="11111111_sjzj_dev" mc="数据质检V版本_sjzj_V1.0.0(开发环境)" environmentType="开发环境" projectManager="\u9A6C\u4FDD\u5168" architect="\u9A6C\u4FDD\u5168" dbType="" dbVersion="" taskid="11111111_sjzj_dev_172.16.192.106_68-F7-28-FD-C7-92"><mailTo addr="mabq@thunisoft.com"/><mailTo addr="changleying@thunisoft.com"/><server ip="172.16.192.106"><opt action="collectLogOpt" logDir="logs" modifyDay="+1" fileNamePattern="sjzj_jdbc_.*" flag="sjzj" mac="68-F7-28-FD-C7-92"/></server></projectGroup></groups>
2018-10-30 19:19:11 [Timer-0] [INFO ] com.thunisoft.sqlfx.client.ClientMain:291 SQLFX-CLIENT 没有要执行的任务
2018-10-30 19:19:24 [uim-RemoteOrganLongPollingService-1] [INFO ] com.thunisoft.aap.uim.client.event.hlp.RemoteOrganLongPollingService:128 Client cache version 2018-10-30 13:54:55.793 
2018-10-30 19:19:54 [uim-RemoteOrganLongPollingService-1] [INFO ] com.thunisoft.aap.uim.client.event.hlp.RemoteOrganLongPollingService:128 Client cache version 2018-10-30 13:54:55.793 
2018-10-30 19:20:25 [uim-RemoteOrganLongPollingService-1] [INFO ] com.thunisoft.aap.uim.client.event.hlp.RemoteOrganLongPollingService:128 Client cache version 2018-10-30 13:54:55.793 
2018-10-30 19:20:55 [uim-RemoteOrganLongPollingService-1] [INFO ] com.thunisoft.aap.uim.client.event.hlp.RemoteOrganLongPollingService:128 Client cache version 2018-10-30 13:54:55.793 
2018-10-30 19:21:26 [uim-RemoteOrganLongPollingService-1] [INFO ] com.thunisoft.aap.uim.client.event.hlp.RemoteOrganLongPollingService:128 Client cache version 2018-10-30 13:54:55.793 
2018-10-30 19:21:56 [uim-RemoteOrganLongPollingService-1] [INFO ] com.thunisoft.aap.uim.client.event.hlp.RemoteOrganLongPollingService:128 Client cache version 2018-10-30 13:54:55.793 
2018-10-30 19:22:11 [Timer-0] [INFO ] com.thunisoft.sqlfx.client.ClientMain:279 request task:<?xml version="1.0" encoding="UTF-8"?>
<groups><projectGroup id="11111111_sjzj_dev" mc="数据质检V版本_sjzj_V1.0.0(开发环境)" environmentType="开发环境" projectManager="\u9A6C\u4FDD\u5168" architect="\u9A6C\u4FDD\u5168" dbType="" dbVersion="" taskid="11111111_sjzj_dev_172.16.192.106_68-F7-28-FD-C7-92"><mailTo addr="mabq@thunisoft.com"/><mailTo addr="changleying@thunisoft.com"/><server ip="172.16.192.106"><opt action="collectLogOpt" logDir="logs" modifyDay="+1" fileNamePattern="sjzj_jdbc_.*" flag="sjzj" mac="68-F7-28-FD-C7-92"/></server></projectGroup></groups>
2018-10-30 19:22:11 [Timer-0] [INFO ] com.thunisoft.sqlfx.client.ClientMain:291 SQLFX-CLIENT 没有要执行的任务
2018-10-30 19:22:27 [uim-RemoteOrganLongPollingService-1] [INFO ] com.thunisoft.aap.uim.client.event.hlp.RemoteOrganLongPollingService:128 Client cache version 2018-10-30 13:54:55.793 
2018-10-30 19:22:57 [uim-RemoteOrganLongPollingService-1] [INFO ] com.thunisoft.aap.uim.client.event.hlp.RemoteOrganLongPollingService:128 Client cache version 2018-10-30 13:54:55.793 
2018-10-30 19:23:28 [uim-RemoteOrganLongPollingService-1] [INFO ] com.thunisoft.aap.uim.client.event.hlp.RemoteOrganLongPollingService:128 Client cache version 2018-10-30 13:54:55.793 
2018-10-30 19:23:58 [uim-RemoteOrganLongPollingService-1] [INFO ] com.thunisoft.aap.uim.client.event.hlp.RemoteOrganLongPollingService:128 Client cache version 2018-10-30 13:54:55.793 
2018-10-30 19:24:29 [uim-RemoteOrganLongPollingService-1] [INFO ] com.thunisoft.aap.uim.client.event.hlp.RemoteOrganLongPollingService:128 Client cache version 2018-10-30 13:54:55.793 
2018-10-30 19:24:59 [uim-RemoteOrganLongPollingService-1] [INFO ] com.thunisoft.aap.uim.client.event.hlp.RemoteOrganLongPollingService:128 Client cache version 2018-10-30 13:54:55.793 
2018-10-30 19:25:11 [Timer-0] [INFO ] com.thunisoft.sqlfx.client.ClientMain:279 request task:<?xml version="1.0" encoding="UTF-8"?>
<groups><projectGroup id="11111111_sjzj_dev" mc="数据质检V版本_sjzj_V1.0.0(开发环境)" environmentType="开发环境" projectManager="\u9A6C\u4FDD\u5168" architect="\u9A6C\u4FDD\u5168" dbType="" dbVersion="" taskid="11111111_sjzj_dev_172.16.192.106_68-F7-28-FD-C7-92"><mailTo addr="mabq@thunisoft.com"/><mailTo addr="changleying@thunisoft.com"/><server ip="172.16.192.106"><opt action="collectLogOpt" logDir="logs" modifyDay="+1" fileNamePattern="sjzj_jdbc_.*" flag="sjzj" mac="68-F7-28-FD-C7-92"/></server></projectGroup></groups>
2018-10-30 19:25:11 [Timer-0] [INFO ] com.thunisoft.sqlfx.client.ClientMain:291 SQLFX-CLIENT 没有要执行的任务
2018-10-30 19:25:30 [uim-RemoteOrganLongPollingService-1] [INFO ] com.thunisoft.aap.uim.client.event.hlp.RemoteOrganLongPollingService:128 Client cache version 2018-10-30 13:54:55.793 
2018-10-30 19:26:00 [uim-RemoteOrganLongPollingService-1] [INFO ] com.thunisoft.aap.uim.client.event.hlp.RemoteOrganLongPollingService:128 Client cache version 2018-10-30 13:54:55.793 
2018-10-30 19:26:31 [uim-RemoteOrganLongPollingService-1] [INFO ] com.thunisoft.aap.uim.client.event.hlp.RemoteOrganLongPollingService:128 Client cache version 2018-10-30 13:54:55.793 
2018-10-30 19:27:01 [uim-RemoteOrganLongPollingService-1] [INFO ] com.thunisoft.aap.uim.client.event.hlp.RemoteOrganLongPollingService:128 Client cache version 2018-10-30 13:54:55.793 
2018-10-30 19:27:32 [uim-RemoteOrganLongPollingService-1] [INFO ] com.thunisoft.aap.uim.client.event.hlp.RemoteOrganLongPollingService:128 Client cache version 2018-10-30 13:54:55.793 
2018-10-30 19:28:02 [uim-RemoteOrganLongPollingService-1] [INFO ] com.thunisoft.aap.uim.client.event.hlp.RemoteOrganLongPollingService:128 Client cache version 2018-10-30 13:54:55.793 
2018-10-30 19:28:11 [Timer-0] [INFO ] com.thunisoft.sqlfx.client.ClientMain:279 request task:<?xml version="1.0" encoding="UTF-8"?>
<groups><projectGroup id="11111111_sjzj_dev" mc="数据质检V版本_sjzj_V1.0.0(开发环境)" environmentType="开发环境" projectManager="\u9A6C\u4FDD\u5168" architect="\u9A6C\u4FDD\u5168" dbType="" dbVersion="" taskid="11111111_sjzj_dev_172.16.192.106_68-F7-28-FD-C7-92"><mailTo addr="mabq@thunisoft.com"/><mailTo addr="changleying@thunisoft.com"/><server ip="172.16.192.106"><opt action="collectLogOpt" logDir="logs" modifyDay="+1" fileNamePattern="sjzj_jdbc_.*" flag="sjzj" mac="68-F7-28-FD-C7-92"/></server></projectGroup></groups>
2018-10-30 19:28:11 [Timer-0] [INFO ] com.thunisoft.sqlfx.client.ClientMain:291 SQLFX-CLIENT 没有要执行的任务
2018-10-30 19:28:33 [uim-RemoteOrganLongPollingService-1] [INFO ] com.thunisoft.aap.uim.client.event.hlp.RemoteOrganLongPollingService:128 Client cache version 2018-10-30 13:54:55.793 
2018-10-30 19:29:03 [uim-RemoteOrganLongPollingService-1] [INFO ] com.thunisoft.aap.uim.client.event.hlp.RemoteOrganLongPollingService:128 Client cache version 2018-10-30 13:54:55.793 
2018-10-30 19:29:34 [uim-RemoteOrganLongPollingService-1] [INFO ] com.thunisoft.aap.uim.client.event.hlp.RemoteOrganLongPollingService:128 Client cache version 2018-10-30 13:54:55.793 
2018-10-30 19:30:04 [uim-RemoteOrganLongPollingService-1] [INFO ] com.thunisoft.aap.uim.client.event.hlp.RemoteOrganLongPollingService:128 Client cache version 2018-10-30 13:54:55.793 
2018-10-30 19:30:35 [uim-RemoteOrganLongPollingService-1] [INFO ] com.thunisoft.aap.uim.client.event.hlp.RemoteOrganLongPollingService:128 Client cache version 2018-10-30 13:54:55.793 
2018-10-30 19:31:05 [uim-RemoteOrganLongPollingService-1] [INFO ] com.thunisoft.aap.uim.client.event.hlp.RemoteOrganLongPollingService:128 Client cache version 2018-10-30 13:54:55.793 
2018-10-30 19:31:11 [Timer-0] [INFO ] com.thunisoft.sqlfx.client.ClientMain:279 request task:<?xml version="1.0" encoding="UTF-8"?>
<groups><projectGroup id="11111111_sjzj_dev" mc="数据质检V版本_sjzj_V1.0.0(开发环境)" environmentType="开发环境" projectManager="\u9A6C\u4FDD\u5168" architect="\u9A6C\u4FDD\u5168" dbType="" dbVersion="" taskid="11111111_sjzj_dev_172.16.192.106_68-F7-28-FD-C7-92"><mailTo addr="mabq@thunisoft.com"/><mailTo addr="changleying@thunisoft.com"/><server ip="172.16.192.106"><opt action="collectLogOpt" logDir="logs" modifyDay="+1" fileNamePattern="sjzj_jdbc_.*" flag="sjzj" mac="68-F7-28-FD-C7-92"/></server></projectGroup></groups>
2018-10-30 19:31:11 [Timer-0] [INFO ] com.thunisoft.sqlfx.client.ClientMain:291 SQLFX-CLIENT 没有要执行的任务
2018-10-30 19:31:36 [uim-RemoteOrganLongPollingService-1] [INFO ] com.thunisoft.aap.uim.client.event.hlp.RemoteOrganLongPollingService:128 Client cache version 2018-10-30 13:54:55.793 
2018-10-30 19:32:06 [uim-RemoteOrganLongPollingService-1] [INFO ] com.thunisoft.aap.uim.client.event.hlp.RemoteOrganLongPollingService:128 Client cache version 2018-10-30 13:54:55.793 
2018-10-30 19:32:37 [uim-RemoteOrganLongPollingService-1] [INFO ] com.thunisoft.aap.uim.client.event.hlp.RemoteOrganLongPollingService:128 Client cache version 2018-10-30 13:54:55.793 
2018-10-30 19:33:07 [uim-RemoteOrganLongPollingService-1] [INFO ] com.thunisoft.aap.uim.client.event.hlp.RemoteOrganLongPollingService:128 Client cache version 2018-10-30 13:54:55.793 
2018-10-30 19:33:38 [uim-RemoteOrganLongPollingService-1] [INFO ] com.thunisoft.aap.uim.client.event.hlp.RemoteOrganLongPollingService:128 Client cache version 2018-10-30 13:54:55.793 
2018-10-30 19:34:08 [uim-RemoteOrganLongPollingService-1] [INFO ] com.thunisoft.aap.uim.client.event.hlp.RemoteOrganLongPollingService:128 Client cache version 2018-10-30 13:54:55.793 
2018-10-30 19:34:11 [Timer-0] [INFO ] com.thunisoft.sqlfx.client.ClientMain:279 request task:<?xml version="1.0" encoding="UTF-8"?>
<groups><projectGroup id="11111111_sjzj_dev" mc="数据质检V版本_sjzj_V1.0.0(开发环境)" environmentType="开发环境" projectManager="\u9A6C\u4FDD\u5168" architect="\u9A6C\u4FDD\u5168" dbType="" dbVersion="" taskid="11111111_sjzj_dev_172.16.192.106_68-F7-28-FD-C7-92"><mailTo addr="mabq@thunisoft.com"/><mailTo addr="changleying@thunisoft.com"/><server ip="172.16.192.106"><opt action="collectLogOpt" logDir="logs" modifyDay="+1" fileNamePattern="sjzj_jdbc_.*" flag="sjzj" mac="68-F7-28-FD-C7-92"/></server></projectGroup></groups>
2018-10-30 19:34:11 [Timer-0] [INFO ] com.thunisoft.sqlfx.client.ClientMain:291 SQLFX-CLIENT 没有要执行的任务
2018-10-30 19:34:15 [http-nio-19999-exec-6] [INFO ] com.thunisoft.vsjzj.service.impl.TjfxRuleServerImpl:89 近30天的告警趋势处理前：0 条--[]
2018-10-30 19:34:15 [http-nio-19999-exec-6] [INFO ] com.thunisoft.vsjzj.service.impl.TjfxRuleServerImpl:108 近30天的告警趋势处理后：30 条--[WarnTrendVo [dateStr=2018-09-30, zjs=0, gjs=0, rate=0.0, rateStr=0.00%], WarnTrendVo [dateStr=2018-10-01, zjs=0, gjs=0, rate=0.0, rateStr=0.00%], WarnTrendVo [dateStr=2018-10-02, zjs=0, gjs=0, rate=0.0, rateStr=0.00%], WarnTrendVo [dateStr=2018-10-03, zjs=0, gjs=0, rate=0.0, rateStr=0.00%], WarnTrendVo [dateStr=2018-10-04, zjs=0, gjs=0, rate=0.0, rateStr=0.00%], WarnTrendVo [dateStr=2018-10-05, zjs=0, gjs=0, rate=0.0, rateStr=0.00%], WarnTrendVo [dateStr=2018-10-06, zjs=0, gjs=0, rate=0.0, rateStr=0.00%], WarnTrendVo [dateStr=2018-10-07, zjs=0, gjs=0, rate=0.0, rateStr=0.00%], WarnTrendVo [dateStr=2018-10-08, zjs=0, gjs=0, rate=0.0, rateStr=0.00%], WarnTrendVo [dateStr=2018-10-09, zjs=0, gjs=0, rate=0.0, rateStr=0.00%], WarnTrendVo [dateStr=2018-10-10, zjs=0, gjs=0, rate=0.0, rateStr=0.00%], WarnTrendVo [dateStr=2018-10-11, zjs=0, gjs=0, rate=0.0, rateStr=0.00%], WarnTrendVo [dateStr=2018-10-12, zjs=0, gjs=0, rate=0.0, rateStr=0.00%], WarnTrendVo [dateStr=2018-10-13, zjs=0, gjs=0, rate=0.0, rateStr=0.00%], WarnTrendVo [dateStr=2018-10-14, zjs=0, gjs=0, rate=0.0, rateStr=0.00%], WarnTrendVo [dateStr=2018-10-15, zjs=0, gjs=0, rate=0.0, rateStr=0.00%], WarnTrendVo [dateStr=2018-10-16, zjs=0, gjs=0, rate=0.0, rateStr=0.00%], WarnTrendVo [dateStr=2018-10-17, zjs=0, gjs=0, rate=0.0, rateStr=0.00%], WarnTrendVo [dateStr=2018-10-18, zjs=0, gjs=0, rate=0.0, rateStr=0.00%], WarnTrendVo [dateStr=2018-10-19, zjs=0, gjs=0, rate=0.0, rateStr=0.00%], WarnTrendVo [dateStr=2018-10-20, zjs=0, gjs=0, rate=0.0, rateStr=0.00%], WarnTrendVo [dateStr=2018-10-21, zjs=0, gjs=0, rate=0.0, rateStr=0.00%], WarnTrendVo [dateStr=2018-10-22, zjs=0, gjs=0, rate=0.0, rateStr=0.00%], WarnTrendVo [dateStr=2018-10-23, zjs=0, gjs=0, rate=0.0, rateStr=0.00%], WarnTrendVo [dateStr=2018-10-24, zjs=0, gjs=0, rate=0.0, rateStr=0.00%], WarnTrendVo [dateStr=2018-10-25, zjs=0, gjs=0, rate=0.0, rateStr=0.00%], WarnTrendVo [dateStr=2018-10-26, zjs=0, gjs=0, rate=0.0, rateStr=0.00%], WarnTrendVo [dateStr=2018-10-27, zjs=0, gjs=0, rate=0.0, rateStr=0.00%], WarnTrendVo [dateStr=2018-10-28, zjs=0, gjs=0, rate=0.0, rateStr=0.00%], WarnTrendVo [dateStr=2018-10-29, zjs=0, gjs=0, rate=0.0, rateStr=0.00%]]
2018-10-30 19:34:15 [http-nio-19999-exec-6] [INFO ] com.thunisoft.vsjzj.service.impl.TjfxRuleServerImpl:203 请求时长接口参数：{"systemid":"zhijian","start":"20181029","end":"20181029"}
2018-10-30 19:34:15 [http-nio-19999-exec-6] [INFO ] com.thunisoft.vsjzj.service.impl.TjfxRuleServerImpl:205 时长接口返回结果：{"code":400,"data":null,"message":"调用参数不合法","success":false}
2018-10-30 19:34:31 [http-nio-19999-exec-5] [INFO ] com.thunisoft.vsjzj.service.impl.TjfxRuleServerImpl:89 近30天的告警趋势处理前：0 条--[]
2018-10-30 19:34:31 [http-nio-19999-exec-5] [INFO ] com.thunisoft.vsjzj.service.impl.TjfxRuleServerImpl:108 近30天的告警趋势处理后：30 条--[WarnTrendVo [dateStr=2018-09-30, zjs=0, gjs=0, rate=0.0, rateStr=0.00%], WarnTrendVo [dateStr=2018-10-01, zjs=0, gjs=0, rate=0.0, rateStr=0.00%], WarnTrendVo [dateStr=2018-10-02, zjs=0, gjs=0, rate=0.0, rateStr=0.00%], WarnTrendVo [dateStr=2018-10-03, zjs=0, gjs=0, rate=0.0, rateStr=0.00%], WarnTrendVo [dateStr=2018-10-04, zjs=0, gjs=0, rate=0.0, rateStr=0.00%], WarnTrendVo [dateStr=2018-10-05, zjs=0, gjs=0, rate=0.0, rateStr=0.00%], WarnTrendVo [dateStr=2018-10-06, zjs=0, gjs=0, rate=0.0, rateStr=0.00%], WarnTrendVo [dateStr=2018-10-07, zjs=0, gjs=0, rate=0.0, rateStr=0.00%], WarnTrendVo [dateStr=2018-10-08, zjs=0, gjs=0, rate=0.0, rateStr=0.00%], WarnTrendVo [dateStr=2018-10-09, zjs=0, gjs=0, rate=0.0, rateStr=0.00%], WarnTrendVo [dateStr=2018-10-10, zjs=0, gjs=0, rate=0.0, rateStr=0.00%], WarnTrendVo [dateStr=2018-10-11, zjs=0, gjs=0, rate=0.0, rateStr=0.00%], WarnTrendVo [dateStr=2018-10-12, zjs=0, gjs=0, rate=0.0, rateStr=0.00%], WarnTrendVo [dateStr=2018-10-13, zjs=0, gjs=0, rate=0.0, rateStr=0.00%], WarnTrendVo [dateStr=2018-10-14, zjs=0, gjs=0, rate=0.0, rateStr=0.00%], WarnTrendVo [dateStr=2018-10-15, zjs=0, gjs=0, rate=0.0, rateStr=0.00%], WarnTrendVo [dateStr=2018-10-16, zjs=0, gjs=0, rate=0.0, rateStr=0.00%], WarnTrendVo [dateStr=2018-10-17, zjs=0, gjs=0, rate=0.0, rateStr=0.00%], WarnTrendVo [dateStr=2018-10-18, zjs=0, gjs=0, rate=0.0, rateStr=0.00%], WarnTrendVo [dateStr=2018-10-19, zjs=0, gjs=0, rate=0.0, rateStr=0.00%], WarnTrendVo [dateStr=2018-10-20, zjs=0, gjs=0, rate=0.0, rateStr=0.00%], WarnTrendVo [dateStr=2018-10-21, zjs=0, gjs=0, rate=0.0, rateStr=0.00%], WarnTrendVo [dateStr=2018-10-22, zjs=0, gjs=0, rate=0.0, rateStr=0.00%], WarnTrendVo [dateStr=2018-10-23, zjs=0, gjs=0, rate=0.0, rateStr=0.00%], WarnTrendVo [dateStr=2018-10-24, zjs=0, gjs=0, rate=0.0, rateStr=0.00%], WarnTrendVo [dateStr=2018-10-25, zjs=0, gjs=0, rate=0.0, rateStr=0.00%], WarnTrendVo [dateStr=2018-10-26, zjs=0, gjs=0, rate=0.0, rateStr=0.00%], WarnTrendVo [dateStr=2018-10-27, zjs=0, gjs=0, rate=0.0, rateStr=0.00%], WarnTrendVo [dateStr=2018-10-28, zjs=0, gjs=0, rate=0.0, rateStr=0.00%], WarnTrendVo [dateStr=2018-10-29, zjs=0, gjs=0, rate=0.0, rateStr=0.00%]]
2018-10-30 19:34:31 [http-nio-19999-exec-5] [INFO ] com.thunisoft.vsjzj.service.impl.TjfxRuleServerImpl:203 请求时长接口参数：{"systemid":"zhijian","start":"20181029","end":"20181029"}
2018-10-30 19:34:31 [http-nio-19999-exec-5] [INFO ] com.thunisoft.vsjzj.service.impl.TjfxRuleServerImpl:205 时长接口返回结果：{"code":400,"data":null,"message":"调用参数不合法","success":false}
2018-10-30 19:34:39 [uim-RemoteOrganLongPollingService-1] [INFO ] com.thunisoft.aap.uim.client.event.hlp.RemoteOrganLongPollingService:128 Client cache version 2018-10-30 13:54:55.793 
2018-10-30 19:34:47 [http-nio-19999-exec-5] [INFO ] com.thunisoft.vsjzj.service.impl.TjfxRuleServerImpl:89 近30天的告警趋势处理前：0 条--[]
2018-10-30 19:34:47 [http-nio-19999-exec-5] [INFO ] com.thunisoft.vsjzj.service.impl.TjfxRuleServerImpl:108 近30天的告警趋势处理后：30 条--[WarnTrendVo [dateStr=2018-09-30, zjs=0, gjs=0, rate=0.0, rateStr=0.00%], WarnTrendVo [dateStr=2018-10-01, zjs=0, gjs=0, rate=0.0, rateStr=0.00%], WarnTrendVo [dateStr=2018-10-02, zjs=0, gjs=0, rate=0.0, rateStr=0.00%], WarnTrendVo [dateStr=2018-10-03, zjs=0, gjs=0, rate=0.0, rateStr=0.00%], WarnTrendVo [dateStr=2018-10-04, zjs=0, gjs=0, rate=0.0, rateStr=0.00%], WarnTrendVo [dateStr=2018-10-05, zjs=0, gjs=0, rate=0.0, rateStr=0.00%], WarnTrendVo [dateStr=2018-10-06, zjs=0, gjs=0, rate=0.0, rateStr=0.00%], WarnTrendVo [dateStr=2018-10-07, zjs=0, gjs=0, rate=0.0, rateStr=0.00%], WarnTrendVo [dateStr=2018-10-08, zjs=0, gjs=0, rate=0.0, rateStr=0.00%], WarnTrendVo [dateStr=2018-10-09, zjs=0, gjs=0, rate=0.0, rateStr=0.00%], WarnTrendVo [dateStr=2018-10-10, zjs=0, gjs=0, rate=0.0, rateStr=0.00%], WarnTrendVo [dateStr=2018-10-11, zjs=0, gjs=0, rate=0.0, rateStr=0.00%], WarnTrendVo [dateStr=2018-10-12, zjs=0, gjs=0, rate=0.0, rateStr=0.00%], WarnTrendVo [dateStr=2018-10-13, zjs=0, gjs=0, rate=0.0, rateStr=0.00%], WarnTrendVo [dateStr=2018-10-14, zjs=0, gjs=0, rate=0.0, rateStr=0.00%], WarnTrendVo [dateStr=2018-10-15, zjs=0, gjs=0, rate=0.0, rateStr=0.00%], WarnTrendVo [dateStr=2018-10-16, zjs=0, gjs=0, rate=0.0, rateStr=0.00%], WarnTrendVo [dateStr=2018-10-17, zjs=0, gjs=0, rate=0.0, rateStr=0.00%], WarnTrendVo [dateStr=2018-10-18, zjs=0, gjs=0, rate=0.0, rateStr=0.00%], WarnTrendVo [dateStr=2018-10-19, zjs=0, gjs=0, rate=0.0, rateStr=0.00%], WarnTrendVo [dateStr=2018-10-20, zjs=0, gjs=0, rate=0.0, rateStr=0.00%], WarnTrendVo [dateStr=2018-10-21, zjs=0, gjs=0, rate=0.0, rateStr=0.00%], WarnTrendVo [dateStr=2018-10-22, zjs=0, gjs=0, rate=0.0, rateStr=0.00%], WarnTrendVo [dateStr=2018-10-23, zjs=0, gjs=0, rate=0.0, rateStr=0.00%], WarnTrendVo [dateStr=2018-10-24, zjs=0, gjs=0, rate=0.0, rateStr=0.00%], WarnTrendVo [dateStr=2018-10-25, zjs=0, gjs=0, rate=0.0, rateStr=0.00%], WarnTrendVo [dateStr=2018-10-26, zjs=0, gjs=0, rate=0.0, rateStr=0.00%], WarnTrendVo [dateStr=2018-10-27, zjs=0, gjs=0, rate=0.0, rateStr=0.00%], WarnTrendVo [dateStr=2018-10-28, zjs=0, gjs=0, rate=0.0, rateStr=0.00%], WarnTrendVo [dateStr=2018-10-29, zjs=0, gjs=0, rate=0.0, rateStr=0.00%]]
2018-10-30 19:34:47 [http-nio-19999-exec-5] [INFO ] com.thunisoft.vsjzj.service.impl.TjfxRuleServerImpl:203 请求时长接口参数：{"systemid":"zhijian","start":"20181029","end":"20181029"}
2018-10-30 19:34:47 [http-nio-19999-exec-5] [INFO ] com.thunisoft.vsjzj.service.impl.TjfxRuleServerImpl:205 时长接口返回结果：{"code":400,"data":null,"message":"调用参数不合法","success":false}
2018-10-30 19:35:09 [uim-RemoteOrganLongPollingService-1] [INFO ] com.thunisoft.aap.uim.client.event.hlp.RemoteOrganLongPollingService:128 Client cache version 2018-10-30 13:54:55.793 
2018-10-30 19:35:40 [uim-RemoteOrganLongPollingService-1] [INFO ] com.thunisoft.aap.uim.client.event.hlp.RemoteOrganLongPollingService:128 Client cache version 2018-10-30 13:54:55.793 
2018-10-30 19:36:10 [uim-RemoteOrganLongPollingService-1] [INFO ] com.thunisoft.aap.uim.client.event.hlp.RemoteOrganLongPollingService:128 Client cache version 2018-10-30 13:54:55.793 
2018-10-30 19:36:41 [uim-RemoteOrganLongPollingService-1] [INFO ] com.thunisoft.aap.uim.client.event.hlp.RemoteOrganLongPollingService:128 Client cache version 2018-10-30 13:54:55.793 
2018-10-30 19:37:11 [Timer-0] [INFO ] com.thunisoft.sqlfx.client.ClientMain:279 request task:<?xml version="1.0" encoding="UTF-8"?>
<groups><projectGroup id="11111111_sjzj_dev" mc="数据质检V版本_sjzj_V1.0.0(开发环境)" environmentType="开发环境" projectManager="\u9A6C\u4FDD\u5168" architect="\u9A6C\u4FDD\u5168" dbType="" dbVersion="" taskid="11111111_sjzj_dev_172.16.192.106_68-F7-28-FD-C7-92"><mailTo addr="mabq@thunisoft.com"/><mailTo addr="changleying@thunisoft.com"/><server ip="172.16.192.106"><opt action="collectLogOpt" logDir="logs" modifyDay="+1" fileNamePattern="sjzj_jdbc_.*" flag="sjzj" mac="68-F7-28-FD-C7-92"/></server></projectGroup></groups>
2018-10-30 19:37:11 [Timer-0] [INFO ] com.thunisoft.sqlfx.client.ClientMain:291 SQLFX-CLIENT 没有要执行的任务
2018-10-30 19:37:11 [uim-RemoteOrganLongPollingService-1] [INFO ] com.thunisoft.aap.uim.client.event.hlp.RemoteOrganLongPollingService:128 Client cache version 2018-10-30 13:54:55.793 
2018-10-30 19:37:42 [uim-RemoteOrganLongPollingService-1] [INFO ] com.thunisoft.aap.uim.client.event.hlp.RemoteOrganLongPollingService:128 Client cache version 2018-10-30 13:54:55.793 
2018-10-30 19:38:12 [uim-RemoteOrganLongPollingService-1] [INFO ] com.thunisoft.aap.uim.client.event.hlp.RemoteOrganLongPollingService:128 Client cache version 2018-10-30 13:54:55.793 
2018-10-30 19:38:43 [uim-RemoteOrganLongPollingService-1] [INFO ] com.thunisoft.aap.uim.client.event.hlp.RemoteOrganLongPollingService:128 Client cache version 2018-10-30 13:54:55.793 
2018-10-30 19:39:13 [uim-RemoteOrganLongPollingService-1] [INFO ] com.thunisoft.aap.uim.client.event.hlp.RemoteOrganLongPollingService:128 Client cache version 2018-10-30 13:54:55.793 
2018-10-30 19:39:44 [uim-RemoteOrganLongPollingService-1] [INFO ] com.thunisoft.aap.uim.client.event.hlp.RemoteOrganLongPollingService:128 Client cache version 2018-10-30 13:54:55.793 
2018-10-30 19:40:11 [Timer-0] [INFO ] com.thunisoft.sqlfx.client.ClientMain:279 request task:<?xml version="1.0" encoding="UTF-8"?>
<groups><projectGroup id="11111111_sjzj_dev" mc="数据质检V版本_sjzj_V1.0.0(开发环境)" environmentType="开发环境" projectManager="\u9A6C\u4FDD\u5168" architect="\u9A6C\u4FDD\u5168" dbType="" dbVersion="" taskid="11111111_sjzj_dev_172.16.192.106_68-F7-28-FD-C7-92"><mailTo addr="mabq@thunisoft.com"/><mailTo addr="changleying@thunisoft.com"/><server ip="172.16.192.106"><opt action="collectLogOpt" logDir="logs" modifyDay="+1" fileNamePattern="sjzj_jdbc_.*" flag="sjzj" mac="68-F7-28-FD-C7-92"/></server></projectGroup></groups>
2018-10-30 19:40:11 [Timer-0] [INFO ] com.thunisoft.sqlfx.client.ClientMain:291 SQLFX-CLIENT 没有要执行的任务
2018-10-30 19:40:14 [uim-RemoteOrganLongPollingService-1] [INFO ] com.thunisoft.aap.uim.client.event.hlp.RemoteOrganLongPollingService:128 Client cache version 2018-10-30 13:54:55.793 
2018-10-30 19:40:45 [uim-RemoteOrganLongPollingService-1] [INFO ] com.thunisoft.aap.uim.client.event.hlp.RemoteOrganLongPollingService:128 Client cache version 2018-10-30 13:54:55.793 
2018-10-30 19:41:15 [uim-RemoteOrganLongPollingService-1] [INFO ] com.thunisoft.aap.uim.client.event.hlp.RemoteOrganLongPollingService:128 Client cache version 2018-10-30 13:54:55.793 
2018-10-30 19:41:46 [uim-RemoteOrganLongPollingService-1] [INFO ] com.thunisoft.aap.uim.client.event.hlp.RemoteOrganLongPollingService:128 Client cache version 2018-10-30 13:54:55.793 
2018-10-30 19:42:16 [uim-RemoteOrganLongPollingService-1] [INFO ] com.thunisoft.aap.uim.client.event.hlp.RemoteOrganLongPollingService:128 Client cache version 2018-10-30 13:54:55.793 
2018-10-30 19:42:47 [uim-RemoteOrganLongPollingService-1] [INFO ] com.thunisoft.aap.uim.client.event.hlp.RemoteOrganLongPollingService:128 Client cache version 2018-10-30 13:54:55.793 
2018-10-30 19:43:11 [Timer-0] [INFO ] com.thunisoft.sqlfx.client.ClientMain:279 request task:<?xml version="1.0" encoding="UTF-8"?>
<groups><projectGroup id="11111111_sjzj_dev" mc="数据质检V版本_sjzj_V1.0.0(开发环境)" environmentType="开发环境" projectManager="\u9A6C\u4FDD\u5168" architect="\u9A6C\u4FDD\u5168" dbType="" dbVersion="" taskid="11111111_sjzj_dev_172.16.192.106_68-F7-28-FD-C7-92"><mailTo addr="mabq@thunisoft.com"/><mailTo addr="changleying@thunisoft.com"/><server ip="172.16.192.106"><opt action="collectLogOpt" logDir="logs" modifyDay="+1" fileNamePattern="sjzj_jdbc_.*" flag="sjzj" mac="68-F7-28-FD-C7-92"/></server></projectGroup></groups>
2018-10-30 19:43:11 [Timer-0] [INFO ] com.thunisoft.sqlfx.client.ClientMain:291 SQLFX-CLIENT 没有要执行的任务
2018-10-30 19:43:18 [uim-RemoteOrganLongPollingService-1] [INFO ] com.thunisoft.aap.uim.client.event.hlp.RemoteOrganLongPollingService:128 Client cache version 2018-10-30 13:54:55.793 
2018-10-30 19:43:48 [uim-RemoteOrganLongPollingService-1] [INFO ] com.thunisoft.aap.uim.client.event.hlp.RemoteOrganLongPollingService:128 Client cache version 2018-10-30 13:54:55.793 
2018-10-30 19:44:19 [uim-RemoteOrganLongPollingService-1] [INFO ] com.thunisoft.aap.uim.client.event.hlp.RemoteOrganLongPollingService:128 Client cache version 2018-10-30 13:54:55.793 
2018-10-30 19:44:49 [uim-RemoteOrganLongPollingService-1] [INFO ] com.thunisoft.aap.uim.client.event.hlp.RemoteOrganLongPollingService:128 Client cache version 2018-10-30 13:54:55.793 
2018-10-30 19:45:20 [uim-RemoteOrganLongPollingService-1] [INFO ] com.thunisoft.aap.uim.client.event.hlp.RemoteOrganLongPollingService:128 Client cache version 2018-10-30 13:54:55.793 
2018-10-30 19:45:50 [uim-RemoteOrganLongPollingService-1] [INFO ] com.thunisoft.aap.uim.client.event.hlp.RemoteOrganLongPollingService:128 Client cache version 2018-10-30 13:54:55.793 
2018-10-30 19:46:11 [Timer-0] [INFO ] com.thunisoft.sqlfx.client.ClientMain:279 request task:<?xml version="1.0" encoding="UTF-8"?>
<groups><projectGroup id="11111111_sjzj_dev" mc="数据质检V版本_sjzj_V1.0.0(开发环境)" environmentType="开发环境" projectManager="\u9A6C\u4FDD\u5168" architect="\u9A6C\u4FDD\u5168" dbType="" dbVersion="" taskid="11111111_sjzj_dev_172.16.192.106_68-F7-28-FD-C7-92"><mailTo addr="mabq@thunisoft.com"/><mailTo addr="changleying@thunisoft.com"/><server ip="172.16.192.106"><opt action="collectLogOpt" logDir="logs" modifyDay="+1" fileNamePattern="sjzj_jdbc_.*" flag="sjzj" mac="68-F7-28-FD-C7-92"/></server></projectGroup></groups>
2018-10-30 19:46:11 [Timer-0] [INFO ] com.thunisoft.sqlfx.client.ClientMain:291 SQLFX-CLIENT 没有要执行的任务
2018-10-30 19:46:21 [uim-RemoteOrganLongPollingService-1] [INFO ] com.thunisoft.aap.uim.client.event.hlp.RemoteOrganLongPollingService:128 Client cache version 2018-10-30 13:54:55.793 
2018-10-30 19:46:51 [uim-RemoteOrganLongPollingService-1] [INFO ] com.thunisoft.aap.uim.client.event.hlp.RemoteOrganLongPollingService:128 Client cache version 2018-10-30 13:54:55.793 
2018-10-30 19:47:22 [uim-RemoteOrganLongPollingService-1] [INFO ] com.thunisoft.aap.uim.client.event.hlp.RemoteOrganLongPollingService:128 Client cache version 2018-10-30 13:54:55.793 
